[2019-06-11 13:46:52][DEBUG][NOTICE] : [Constant CRYPT_RSA_ENCRYPTION_OAEP already defined at file:/vagrant/wwwroot/zf_spider/Extend/rsa/Crypt/RSA.php line:102]
[2019-06-11 13:46:53][DEBUG][NOTICE] : [Constant CRYPT_RSA_ENCRYPTION_PKCS1 already defined at file:/vagrant/wwwroot/zf_spider/Extend/rsa/Crypt/RSA.php line:109]
[2019-06-11 13:46:53][DEBUG][NOTICE] : [Constant CRYPT_RSA_ENCRYPTION_NONE already defined at file:/vagrant/wwwroot/zf_spider/Extend/rsa/Crypt/RSA.php line:116]
[2019-06-11 13:46:53][DEBUG][NOTICE] : [Constant CRYPT_RSA_SIGNATURE_PSS already defined at file:/vagrant/wwwroot/zf_spider/Extend/rsa/Crypt/RSA.php line:133]
[2019-06-11 13:46:53][DEBUG][NOTICE] : [Constant CRYPT_RSA_SIGNATURE_PKCS1 already defined at file:/vagrant/wwwroot/zf_spider/Extend/rsa/Crypt/RSA.php line:140]
[2019-06-11 13:46:53][DEBUG][NOTICE] : [Constant CRYPT_RSA_ASN1_INTEGER already defined at file:/vagrant/wwwroot/zf_spider/Extend/rsa/Crypt/RSA.php line:150]
[2019-06-11 13:46:53][DEBUG][NOTICE] : [Constant CRYPT_RSA_ASN1_BITSTRING already defined at file:/vagrant/wwwroot/zf_spider/Extend/rsa/Crypt/RSA.php line:154]
[2019-06-11 13:46:53][DEBUG][NOTICE] : [Constant CRYPT_RSA_ASN1_OCTETSTRING already defined at file:/vagrant/wwwroot/zf_spider/Extend/rsa/Crypt/RSA.php line:158]
[2019-06-11 13:46:53][DEBUG][NOTICE] : [Constant CRYPT_RSA_ASN1_OBJECT already defined at file:/vagrant/wwwroot/zf_spider/Extend/rsa/Crypt/RSA.php line:162]
[2019-06-11 13:46:53][DEBUG][NOTICE] : [Constant CRYPT_RSA_ASN1_SEQUENCE already defined at file:/vagrant/wwwroot/zf_spider/Extend/rsa/Crypt/RSA.php line:166]
[2019-06-11 13:46:53][DEBUG][NOTICE] : [Constant CRYPT_RSA_MODE_INTERNAL already defined at file:/vagrant/wwwroot/zf_spider/Extend/rsa/Crypt/RSA.php line:176]
[2019-06-11 13:46:53][DEBUG][NOTICE] : [Constant CRYPT_RSA_MODE_OPENSSL already defined at file:/vagrant/wwwroot/zf_spider/Extend/rsa/Crypt/RSA.php line:182]
[2019-06-11 13:46:53][DEBUG][NOTICE] : [Constant CRYPT_RSA_OPENSSL_CONFIG already defined at file:/vagrant/wwwroot/zf_spider/Extend/rsa/Crypt/RSA.php line:188]
[2019-06-11 13:46:53][DEBUG][NOTICE] : [Constant CRYPT_RSA_PRIVATE_FORMAT_PKCS1 already defined at file:/vagrant/wwwroot/zf_spider/Extend/rsa/Crypt/RSA.php line:200]
[2019-06-11 13:46:53][DEBUG][NOTICE] : [Constant CRYPT_RSA_PRIVATE_FORMAT_PUTTY already defined at file:/vagrant/wwwroot/zf_spider/Extend/rsa/Crypt/RSA.php line:204]
[2019-06-11 13:46:53][DEBUG][NOTICE] : [Constant CRYPT_RSA_PRIVATE_FORMAT_XML already defined at file:/vagrant/wwwroot/zf_spider/Extend/rsa/Crypt/RSA.php line:208]
[2019-06-11 13:46:53][DEBUG][NOTICE] : [Constant CRYPT_RSA_PRIVATE_FORMAT_PKCS8 already defined at file:/vagrant/wwwroot/zf_spider/Extend/rsa/Crypt/RSA.php line:212]
[2019-06-11 13:46:53][DEBUG][NOTICE] : [Constant CRYPT_RSA_PUBLIC_FORMAT_RAW already defined at file:/vagrant/wwwroot/zf_spider/Extend/rsa/Crypt/RSA.php line:233]
[2019-06-11 13:46:53][DEBUG][NOTICE] : [Constant CRYPT_RSA_PUBLIC_FORMAT_PKCS1 already defined at file:/vagrant/wwwroot/zf_spider/Extend/rsa/Crypt/RSA.php line:245]
[2019-06-11 13:46:53][DEBUG][NOTICE] : [Constant CRYPT_RSA_PUBLIC_FORMAT_PKCS1_RAW already defined at file:/vagrant/wwwroot/zf_spider/Extend/rsa/Crypt/RSA.php line:246]
[2019-06-11 13:46:53][DEBUG][NOTICE] : [Constant CRYPT_RSA_PUBLIC_FORMAT_XML already defined at file:/vagrant/wwwroot/zf_spider/Extend/rsa/Crypt/RSA.php line:250]
[2019-06-11 13:46:53][DEBUG][NOTICE] : [Constant CRYPT_RSA_PUBLIC_FORMAT_OPENSSH already defined at file:/vagrant/wwwroot/zf_spider/Extend/rsa/Crypt/RSA.php line:256]
[2019-06-11 13:46:53][DEBUG][NOTICE] : [Constant CRYPT_RSA_PUBLIC_FORMAT_PKCS8 already defined at file:/vagrant/wwwroot/zf_spider/Extend/rsa/Crypt/RSA.php line:270]
[2019-06-11 15:32:01][DEBUG][WARNING] : [str_split() expects parameter 1 to be string, array given at file:/vagrant/wwwroot/zf_spider/Extend/rsa/Crypt/RSA.php line:3018]
[2019-06-11 15:32:01][DEBUG][WARNING] : [Invalid argument supplied for foreach() at file:/vagrant/wwwroot/zf_spider/Extend/rsa/Crypt/RSA.php line:3020]
[2019-06-11 15:32:24][DEBUG][WARNING] : [str_split() expects parameter 1 to be string, array given at file:/vagrant/wwwroot/zf_spider/Extend/rsa/Crypt/RSA.php line:3018]
[2019-06-11 15:32:24][DEBUG][WARNING] : [Invalid argument supplied for foreach() at file:/vagrant/wwwroot/zf_spider/Extend/rsa/Crypt/RSA.php line:3020]
[2019-06-11 15:42:22][DEBUG][WARNING] : [str_split() expects parameter 1 to be string, array given at file:/vagrant/wwwroot/zf_spider/Extend/rsa/Crypt/RSA.php line:3018]
[2019-06-11 15:42:22][DEBUG][WARNING] : [Invalid argument supplied for foreach() at file:/vagrant/wwwroot/zf_spider/Extend/rsa/Crypt/RSA.php line:3020]
[2019-06-11 15:42:51][DEBUG][WARNING] : [str_split() expects parameter 1 to be string, array given at file:/vagrant/wwwroot/zf_spider/Extend/rsa/Crypt/RSA.php line:3018]
[2019-06-11 15:42:51][DEBUG][WARNING] : [Invalid argument supplied for foreach() at file:/vagrant/wwwroot/zf_spider/Extend/rsa/Crypt/RSA.php line:3020]
[2019-06-11 15:43:03][DEBUG][WARNING] : [str_split() expects parameter 1 to be string, array given at file:/vagrant/wwwroot/zf_spider/Extend/rsa/Crypt/RSA.php line:3018]
[2019-06-11 15:43:03][DEBUG][WARNING] : [Invalid argument supplied for foreach() at file:/vagrant/wwwroot/zf_spider/Extend/rsa/Crypt/RSA.php line:3020]
[2019-06-11 15:43:42][DEBUG][WARNING] : [str_split() expects parameter 1 to be string, array given at file:/vagrant/wwwroot/zf_spider/Extend/rsa/Crypt/RSA.php line:3018]
[2019-06-11 15:43:42][DEBUG][WARNING] : [Invalid argument supplied for foreach() at file:/vagrant/wwwroot/zf_spider/Extend/rsa/Crypt/RSA.php line:3020]
[2019-06-11 15:45:16][DEBUG][WARNING] : [str_split() expects parameter 1 to be string, array given at file:/vagrant/wwwroot/zf_spider/Extend/rsa/Crypt/RSA.php line:3018]
[2019-06-11 15:45:16][DEBUG][WARNING] : [Invalid argument supplied for foreach() at file:/vagrant/wwwroot/zf_spider/Extend/rsa/Crypt/RSA.php line:3020]
[2019-06-11 15:45:45][DEBUG][WARNING] : [str_split() expects parameter 1 to be string, array given at file:/vagrant/wwwroot/zf_spider/Extend/rsa/Crypt/RSA.php line:3018]
[2019-06-11 15:45:45][DEBUG][WARNING] : [Invalid argument supplied for foreach() at file:/vagrant/wwwroot/zf_spider/Extend/rsa/Crypt/RSA.php line:3020]
[2019-06-11 15:46:01][DEBUG][WARNING] : [str_split() expects parameter 1 to be string, array given at file:/vagrant/wwwroot/zf_spider/Extend/rsa/Crypt/RSA.php line:3018]
[2019-06-11 15:46:01][DEBUG][WARNING] : [Invalid argument supplied for foreach() at file:/vagrant/wwwroot/zf_spider/Extend/rsa/Crypt/RSA.php line:3020]
[2019-06-11 15:47:33][DEBUG][WARNING] : [str_split() expects parameter 1 to be string, array given at file:/vagrant/wwwroot/zf_spider/Extend/rsa/Crypt/RSA.php line:3018]
[2019-06-11 15:47:33][DEBUG][WARNING] : [Invalid argument supplied for foreach() at file:/vagrant/wwwroot/zf_spider/Extend/rsa/Crypt/RSA.php line:3020]
